#
# There is insufficient memory for the Java Runtime Environment to continue.
# Native memory allocation (mmap) failed to map 266338304 bytes for G1 virtual space
# Possible reasons:
#   The system is out of physical RAM or swap space
#   The process is running with CompressedOops enabled, and the Java Heap may be blocking the growth of the native heap
# Possible solutions:
#   Reduce memory load on the system
#   Increase physical memory or swap space
#   Check if swap backing store is full
#   Decrease Java heap size (-Xmx/-Xms)
#   Decrease number of Java threads
#   Decrease Java thread stack sizes (-Xss)
#   Set larger code cache with -XX:ReservedCodeCacheSize=
#   JVM is running with Zero Based Compressed Oops mode in which the Java heap is
#     placed in the first 32GB address space. The Java Heap base address is the
#     maximum limit for the native heap growth. Please use -XX:HeapBaseMinAddress
#     to set the Java Heap base and to place the Java Heap above 32GB virtual address.
# This output file may be truncated or incomplete.
#
#  Out of Memory Error (os_windows.cpp:3753), pid=9076, tid=17540
#
# JRE version:  (17.0.4+7) (build )
# Java VM: OpenJDK 64-Bit Server VM (17.0.4+7-b469.53, mixed mode, sharing, tiered, compressed oops, compressed class ptrs, g1 gc, windows-amd64)
# No core dump will be written. Minidumps are not enabled by default on client versions of Windows
#

---------------  S U M M A R Y ------------

Command Line: git4idea.http.GitAskPassApp Username for 'https://github.com': 

Host: Intel(R) Core(TM) i5-10200H CPU @ 2.40GHz, 8 cores, 15G,  Windows 11 , 64 bit Build 22621 (10.0.22621.1485)
Time: Sun Apr  9 20:25:06 2023  Windows 11 , 64 bit Build 22621 (10.0.22621.1485) elapsed time: 0.039629 seconds (0d 0h 0m 0s)

---------------  T H R E A D  ---------------

Current thread (0x0000024ef8ac47b0):  JavaThread "Unknown thread" [_thread_in_vm, id=17540, stack(0x0000009a31600000,0x0000009a31700000)]

Stack: [0x0000009a31600000,0x0000009a31700000]
Native frames: (J=compiled Java code, j=interpreted, Vv=VM code, C=native code)
V  [jvm.dll+0x68348a]
V  [jvm.dll+0x83faf4]
V  [jvm.dll+0x84129e]
V  [jvm.dll+0x841903]
V  [jvm.dll+0x2494a5]
V  [jvm.dll+0x680359]
V  [jvm.dll+0x67499a]
V  [jvm.dll+0x3092db]
V  [jvm.dll+0x310796]
V  [jvm.dll+0x36077e]
V  [jvm.dll+0x3609af]
V  [jvm.dll+0x2df3c8]
V  [jvm.dll+0x2e0334]
V  [jvm.dll+0x8112e1]
V  [jvm.dll+0x36e5d1]
V  [jvm.dll+0x7f06bc]
V  [jvm.dll+0x3f16ef]
V  [jvm.dll+0x3f3231]
C  [jli.dll+0x526b]
C  [ucrtbase.dll+0x29363]
C  [KERNEL32.DLL+0x1269d]
C  [ntdll.dll+0x5a9f8]


---------------  P R O C E S S  ---------------

Threads class SMR info:
_java_thread_list=0x00007ffce6ac7f18, length=0, elements={
}

Java Threads: ( => current thread )

Other Threads:
  0x0000024ef8b30c20 GCTaskThread "GC Thread#0" [stack: 0x0000009a31700000,0x0000009a31800000] [id=15300]
  0x0000024ef8b41f60 ConcurrentGCThread "G1 Main Marker" [stack: 0x0000009a31800000,0x0000009a31900000] [id=6072]
  0x0000024ef8b43480 ConcurrentGCThread "G1 Conc#0" [stack: 0x0000009a31900000,0x0000009a31a00000] [id=13564]

[error occurred during error reporting (printing all threads), id 0xc0000005, EXCEPTION_ACCESS_VIOLATION (0xc0000005) at pc=0x00007ffce627ff87]

VM state: not at safepoint (not fully initialized)

VM Mutex/Monitor currently owned by a thread:  ([mutex/lock_event])
[0x0000024ef8abfbb0] Heap_lock - owner thread: 0x0000024ef8ac47b0

Heap address: 0x0000000702800000, size: 4056 MB, Compressed Oops mode: Zero based, Oop shift amount: 3

CDS archive(s) mapped at: [0x0000000000000000-0x0000000000000000-0x0000000000000000), size 0, SharedBaseAddress: 0x0000000800000000, ArchiveRelocationMode: 0.
Narrow klass base: 0x0000000000000000, Narrow klass shift: 0, Narrow klass range: 0x0

GC Precious Log:
<Empty>

Heap:
 garbage-first heap   total 0K, used 0K [0x0000000702800000, 0x0000000800000000)
  region size 2048K, 0 young (0K), 0 survivors (0K)

[error occurred during error reporting (printing heap information), id 0xc0000005, EXCEPTION_ACCESS_VIOLATION (0xc0000005) at pc=0x00007ffce666d119]

GC Heap History (0 events):
No events

Deoptimization events (0 events):
No events

Classes unloaded (0 events):
No events

Classes redefined (0 events):
No events

Internal exceptions (0 events):
No events

VM Operations (0 events):
No events

Events (1 events):
Event: 0.027 Loaded shared library D:\Software\JetBrains Rider 2022.2.3\jbr\bin\java.dll


Dynamic libraries:
0x00007ff701b50000 - 0x00007ff701b5a000 	D:\Software\JetBrains Rider 2022.2.3\jbr\bin\java.exe
0x00007ffd70b30000 - 0x00007ffd70d44000 	C:\Windows\SYSTEM32\ntdll.dll
0x00007ffd6f640000 - 0x00007ffd6f702000 	C:\Windows\System32\KERNEL32.DLL
0x00007ffd6e010000 - 0x00007ffd6e3ac000 	C:\Windows\System32\KERNELBASE.dll
0x00007ffd6e590000 - 0x00007ffd6e6a1000 	C:\Windows\System32\ucrtbase.dll
0x00007ffd63cf0000 - 0x00007ffd63d07000 	D:\Software\JetBrains Rider 2022.2.3\jbr\bin\jli.dll
0x00007ffc9a170000 - 0x00007ffc9a18b000 	D:\Software\JetBrains Rider 2022.2.3\jbr\bin\VCRUNTIME140.dll
0x00007ffd70940000 - 0x00007ffd70aeb000 	C:\Windows\System32\USER32.dll
0x00007ffd6e470000 - 0x00007ffd6e496000 	C:\Windows\System32\win32u.dll
0x00007ffd6fd40000 - 0x00007ffd6fd69000 	C:\Windows\System32\GDI32.dll
0x00007ffd6e820000 - 0x00007ffd6e933000 	C:\Windows\System32\gdi32full.dll
0x00007ffd6df70000 - 0x00007ffd6e00a000 	C:\Windows\System32\msvcp_win.dll
0x00007ffd5d940000 - 0x00007ffd5dbce000 	C:\Windows\WinSxS\amd64_microsoft.windows.common-controls_6595b64144ccf1df_6.0.22621.608_none_a9444ca7c10bb01d\COMCTL32.dll
0x00007ffd706f0000 - 0x00007ffd70797000 	C:\Windows\System32\msvcrt.dll
0x00007ffd6fcf0000 - 0x00007ffd6fd21000 	C:\Windows\System32\IMM32.DLL
0x0000000060a80000 - 0x0000000060a8c000 	C:\Program Files (x86)\360\360Safe\safemon\SafeWrapper.dll
0x00007ffd6edc0000 - 0x00007ffd6ee6e000 	C:\Windows\System32\ADVAPI32.dll
0x00007ffd6f830000 - 0x00007ffd6f8d4000 	C:\Windows\System32\sechost.dll
0x00007ffd6f710000 - 0x00007ffd6f825000 	C:\Windows\System32\RPCRT4.dll
0x00007ffd5b050000 - 0x00007ffd5b0f1000 	C:\Program Files (x86)\360\360Safe\safemon\libzdtp64.dll
0x00007ffd6fe80000 - 0x00007ffd70670000 	C:\Windows\System32\SHELL32.dll
0x00007ffd6fd70000 - 0x00007ffd6fdce000 	C:\Windows\System32\SHLWAPI.dll
0x00007ffd6da20000 - 0x00007ffd6da2a000 	C:\Windows\SYSTEM32\VERSION.dll
0x00007ffca02f0000 - 0x00007ffca02fc000 	D:\Software\JetBrains Rider 2022.2.3\jbr\bin\vcruntime140_1.dll
0x00007ffc90e70000 - 0x00007ffc90efd000 	D:\Software\JetBrains Rider 2022.2.3\jbr\bin\msvcp140.dll
0x00007ffce5f90000 - 0x00007ffce6bf9000 	D:\Software\JetBrains Rider 2022.2.3\jbr\bin\server\jvm.dll
0x00007ffd6fce0000 - 0x00007ffd6fce8000 	C:\Windows\System32\PSAPI.DLL
0x00007ffd66950000 - 0x00007ffd66984000 	C:\Windows\SYSTEM32\WINMM.dll
0x00007ffd1b840000 - 0x00007ffd1b849000 	C:\Windows\SYSTEM32\WSOCK32.dll
0x00007ffd6f8e0000 - 0x00007ffd6f951000 	C:\Windows\System32\ws2_32.DLL
0x00007ffd6cf60000 - 0x00007ffd6cf78000 	C:\Windows\SYSTEM32\kernel.appcore.dll
0x00007ffd687e0000 - 0x00007ffd687ea000 	D:\Software\JetBrains Rider 2022.2.3\jbr\bin\jimage.dll
0x00007ffd2dbb0000 - 0x00007ffd2ddde000 	C:\Windows\SYSTEM32\DBGHELP.DLL
0x00007ffd6ef00000 - 0x00007ffd6f289000 	C:\Windows\System32\combase.dll
0x00007ffd6f560000 - 0x00007ffd6f637000 	C:\Windows\System32\OLEAUT32.dll
0x00007ffd687a0000 - 0x00007ffd687d2000 	C:\Windows\SYSTEM32\dbgcore.DLL
0x00007ffd6e510000 - 0x00007ffd6e58b000 	C:\Windows\System32\bcryptPrimitives.dll
0x00007ffd658c0000 - 0x00007ffd658e5000 	D:\Software\JetBrains Rider 2022.2.3\jbr\bin\java.dll

dbghelp: loaded successfully - version: 4.0.5 - missing functions: none
symbol engine: initialized successfully - sym options: 0x614 - pdb path: .;D:\Software\JetBrains Rider 2022.2.3\jbr\bin;C:\Windows\SYSTEM32;C:\Windows\WinSxS\amd64_microsoft.windows.common-controls_6595b64144ccf1df_6.0.22621.608_none_a9444ca7c10bb01d;C:\Program Files (x86)\360\360Safe\safemon;D:\Software\JetBrains Rider 2022.2.3\jbr\bin\server

VM Arguments:
java_command: git4idea.http.GitAskPassApp Username for 'https://github.com': 
java_class_path (initial): D:/Software/JetBrains Rider 2022.2.3/plugins/git4idea/lib/git4idea-rt.jar;D:/Software/JetBrains Rider 2022.2.3/lib/externalProcess-rt.jar;D:/Software/JetBrains Rider 2022.2.3/lib/app.jar;D:/Software/JetBrains Rider 2022.2.3/lib/3rd-party-rt.jar
Launcher Type: SUN_STANDARD

[Global flags]
     intx CICompilerCount                          = 4                                         {product} {ergonomic}
     uint ConcGCThreads                            = 2                                         {product} {ergonomic}
     uint G1ConcRefinementThreads                  = 8                                         {product} {ergonomic}
   size_t G1HeapRegionSize                         = 2097152                                   {product} {ergonomic}
    uintx GCDrainStackTargetSize                   = 64                                        {product} {ergonomic}
   size_t InitialHeapSize                          = 266338304                                 {product} {ergonomic}
   size_t MarkStackSize                            = 4194304                                   {product} {ergonomic}
   size_t MaxHeapSize                              = 4253024256                                {product} {ergonomic}
   size_t MinHeapDeltaBytes                        = 2097152                                   {product} {ergonomic}
   size_t MinHeapSize                              = 8388608                                   {product} {ergonomic}
    uintx NonNMethodCodeHeapSize                   = 5839372                                {pd product} {ergonomic}
    uintx NonProfiledCodeHeapSize                  = 122909434                              {pd product} {ergonomic}
    uintx ProfiledCodeHeapSize                     = 122909434                              {pd product} {ergonomic}
    uintx ReservedCodeCacheSize                    = 251658240                              {pd product} {ergonomic}
     bool SegmentedCodeCache                       = true                                      {product} {ergonomic}
   size_t SoftMaxHeapSize                          = 4253024256                             {manageable} {ergonomic}
     bool UseCompressedClassPointers               = true                           {product lp64_product} {ergonomic}
     bool UseCompressedOops                        = true                           {product lp64_product} {ergonomic}
     bool UseG1GC                                  = true                                      {product} {ergonomic}
     bool UseLargePagesIndividualAllocation        = false                                  {pd product} {ergonomic}

Logging:
Log output configuration:
 #0: stdout all=warning uptime,level,tags
 #1: stderr all=off uptime,level,tags

Environment Variables:
JAVA_HOME=D:\Java
PATH=C:/Program Files/Git/mingw64/libexec/git-core;C:/Program Files/Git/mingw64/libexec/git-core;C:\Program Files\Git\mingw64\bin;C:\Program Files\Git\usr\bin;C:\Users\Administrator\bin;D:\Software\VM\bin\;D:\Java\bin;C:\Program Files (x86)\Common Files\Oracle\Java\javapath;C:\Windows\system32;C:\Windows;C:\Windows\System32\Wbem;C:\Windows\System32\WindowsPowerShell\v1.0\;C:\Windows\System32\OpenSSH\;C:\Program Files (x86)\NVIDIA Corporation\PhysX\Common;C:\Program Files\NVIDIA Corporation\NVIDIA NvDLISR;C:\Program Files\dotnet\;C:\Program Files\Git\cmd;C:\Users\Administrator\AppData\Local\Microsoft\WindowsApps;C:\Users\Administrator\.dotnet\tools
USERNAME=Administrator
DISPLAY=:0.0
LC_ALL=en_US.UTF-8
TERM=xterm-256color
TMPDIR=C:\Users\Administrator\AppData\Local\Temp
OS=Windows_NT
PROCESSOR_IDENTIFIER=Intel64 Family 6 Model 165 Stepping 2, GenuineIntel
TMP=C:\Users\Administrator\AppData\Local\Temp
TEMP=C:\Users\Administrator\AppData\Local\Temp



---------------  S Y S T E M  ---------------

OS:
 Windows 11 , 64 bit Build 22621 (10.0.22621.1485)
OS uptime: 0 days 8:44 hours

CPU: total 8 (initial active 8) (4 cores per cpu, 2 threads per core) family 6 model 165 stepping 2 microcode 0xe0, cx8, cmov, fxsr, ht, mmx, 3dnowpref, sse, sse2, sse3, ssse3, sse4.1, sse4.2, popcnt, lzcnt, tsc, tscinvbit, avx, avx2, aes, erms, clmul, bmi1, bmi2, adx, fma, vzeroupper, clflush, clflushopt

Memory: 4k page, system-wide physical 16222M (1804M free)
TotalPageFile size 29023M (AvailPageFile size 63M)
current process WorkingSet (physical memory assigned to process): 12M, peak: 12M
current process commit charge ("private bytes"): 60M, peak: 314M

vm_info: OpenJDK 64-Bit Server VM (17.0.4+7-b469.53) for windows-amd64 JRE (17.0.4+7-b469.53), built on 2022-08-29 by "builduser" with MS VC++ 16.10 / 16.11 (VS2019)

END.
